[debug] [2021-12-04T10:41:18.597Z] ----------------------------------------------------------------------
[debug] [2021-12-04T10:41:18.599Z] Command:       G:\HTML CSS JS\Vs code updates\Nodejs\node.exe C:\Users\HP\AppData\Roaming\npm\node_modules\firebase-tools\lib\bin\firebase.js init
[debug] [2021-12-04T10:41:18.599Z] CLI Version:   9.23.0
[debug] [2021-12-04T10:41:18.600Z] Platform:      win32
[debug] [2021-12-04T10:41:18.600Z] Node Version:  v14.16.0
[debug] [2021-12-04T10:41:18.601Z] Time:          Sat Dec 04 2021 16:11:18 GMT+0530 (India Standard Time)
[debug] [2021-12-04T10:41:18.601Z] ----------------------------------------------------------------------
[debug] 
[debug] [2021-12-04T10:41:18.607Z] > command requires scopes: ["email","openid","https://www.googleapis.com/auth/cloudplatformprojects.readonly","https://www.googleapis.com/auth/firebase","https://www.googleapis.com/auth/cloud-platform"]
[debug] [2021-12-04T10:41:18.607Z] > authorizing via signed-in user (naveen.kamath002@gmail.com)
[info] 
     ######## #### ########  ######## ########     ###     ######  ########
     ##        ##  ##     ## ##       ##     ##  ##   ##  ##       ##
     ######    ##  ########  ######   ########  #########  ######  ######
     ##        ##  ##    ##  ##       ##     ## ##     ##       ## ##
     ##       #### ##     ## ######## ########  ##     ##  ######  ########

You're about to initialize a Firebase project in this directory:

  F:\MainProjects\magicflix

[info] 
=== Project Setup
[info] 
[info] First, let's associate this project directory with a Firebase project.
[info] You can create multiple project aliases by running firebase use --add, 
[info] but for now we'll just set up a default project.
[info] 
[debug] [2021-12-04T10:41:24.885Z] >>> [apiv2][query] GET https://firebase.googleapis.com/v1beta1/projects pageSize=100
[debug] [2021-12-04T10:41:25.634Z] <<< [apiv2][status] GET https://firebase.googleapis.com/v1beta1/projects 200
[debug] [2021-12-04T10:41:25.634Z] <<< [apiv2][body] GET https://firebase.googleapis.com/v1beta1/projects [omitted]
[info] i  Using project magicflix-4beea (magicflix) 
[info] 
=== Hosting Setup
[info] 
[info] Your public directory is the folder (relative to your project directory) that
[info] will contain Hosting assets to be uploaded with firebase deploy. If you
[info] have a build process for your assets, use your build's output directory.
[info] 
